<?xml version="1.0" encoding="UTF-8"?>
<Site BuildName="Linux-clang++"
	BuildStamp="20210522-2123-Experimental"
	Name="samubv"
	Generator="ctest-3.16.3"
	CompilerName="/usr/bin/clang++"
	CompilerVersion="10.0.0"
	OSName="Linux"
	Hostname="samubv"
	OSRelease="5.8.0-53-generic"
	OSVersion="#60~20.04.1-Ubuntu SMP Thu May 6 09:52:46 UTC 2021"
	OSPlatform="x86_64"
	Is64Bits="1"
	VendorString="GenuineIntel"
	VendorID="Intel Corporation"
	FamilyID="6"
	ModelID="158"
	ProcessorCacheSize="12288"
	NumberOfLogicalCPU="5"
	NumberOfPhysicalCPU="5"
	TotalVirtualMemory="2047"
	TotalPhysicalMemory="11882"
	LogicalProcessorsPerPhysical="1"
	ProcessorClockFrequency="3696"
	>
	<Testing>
		<StartDateTime>May 22 17:23 EDT</StartDateTime>
		<StartTestTime>1621718614</StartTestTime>
		<TestList>
			<Test>./UnitTests.BasicAssertions</Test>
			<Test>./GMetaTests.remove_first_T_from_pack_t</Test>
		</TestList>
		<Test Status="passed">
			<Name>UnitTests.BasicAssertions</Name>
			<Path>.</Path>
			<FullName>./UnitTests.BasicAssertions</FullName>
			<FullCommandLine>/home/sam/development/boidsECS/test/build/Release/bin/boidsECSTests "--gtest_filter=UnitTests.BasicAssertions" "--gtest_also_run_disabled_tests"</FullCommandLine>
			<Results>
				<NamedMeasurement type="numeric/double" name="Execution Time">
					<Value>0.00565528</Value>
				</NamedMeasurement>
				<NamedMeasurement type="numeric/double" name="Processors">
					<Value>1</Value>
				</NamedMeasurement>
				<NamedMeasurement type="text/string" name="Completion Status">
					<Value>Completed</Value>
				</NamedMeasurement>
				<NamedMeasurement type="text/string" name="Command Line">
					<Value>/home/sam/development/boidsECS/test/build/Release/bin/boidsECSTests "--gtest_filter=UnitTests.BasicAssertions" "--gtest_also_run_disabled_tests"</Value>
				</NamedMeasurement>
				<Measurement>
					<Value encoding="base64" compression="gzip">eJyNkE9rAjEQxe/7KeaoB5NdV1steLC0eCjYovUkIrPJZBvIJiXJtl+/+0fEFipOLiHzy5v3ZlNbq20JFWo7GILyrgL+4SriASvOhLNoucSIvIwUIs9YlrKUH5tT1NpILuZKIeZFOs2Le0UThTJXcjyXuRCzrJiM73CW3k9nPLjaCzqGulDOSPK8dK401KkGL3r9Y+uDCZGsXaQHWHUIvDcdUNpE8rCAndWxfQnsEYMWyxDIR+1sSPaLcx1gc0qWQey+t8lO91DrSCzZj851gJVxBZq+T/ZLe2crsg1LcVR//oEvNc92kj1sdmvo6nDNZY/A68s1DAYpVGF4w9yehOgimmFyW6pI6EfSfdvfO/tvV+DRMhiML+Y0Kd6W2+3zUxu2Z1nyA4nlvOc=</Value>
				</Measurement>
			</Results>
		</Test>
		<Test Status="failed">
			<Name>GMetaTests.remove_first_T_from_pack_t</Name>
			<Path>.</Path>
			<FullName>./GMetaTests.remove_first_T_from_pack_t</FullName>
			<FullCommandLine>/home/sam/development/boidsECS/test/build/Release/bin/boidsECSTests "--gtest_filter=GMetaTests.remove_first_T_from_pack_t" "--gtest_also_run_disabled_tests"</FullCommandLine>
			<Results>
				<NamedMeasurement type="text/string" name="Exit Code">
					<Value>Failed</Value>
				</NamedMeasurement>
				<NamedMeasurement type="text/string" name="Exit Value">
					<Value>1</Value>
				</NamedMeasurement>
				<NamedMeasurement type="numeric/double" name="Execution Time">
					<Value>0.0135664</Value>
				</NamedMeasurement>
				<NamedMeasurement type="numeric/double" name="Processors">
					<Value>1</Value>
				</NamedMeasurement>
				<NamedMeasurement type="text/string" name="Completion Status">
					<Value>Completed</Value>
				</NamedMeasurement>
				<NamedMeasurement type="text/string" name="Command Line">
					<Value>/home/sam/development/boidsECS/test/build/Release/bin/boidsECSTests "--gtest_filter=GMetaTests.remove_first_T_from_pack_t" "--gtest_also_run_disabled_tests"</Value>
				</NamedMeasurement>
				<Measurement>
					<Value encoding="base64" compression="gzip">eJydUdtqGzEQfddXzKMN8Wp9a5yFPITWMYU2FNslD8YsWmlki2ilrS5O+/fV7prcoGA6ehFzOXPOmXU0RpkD1EyZwRCkszXQo62RelbTjFvDDBUsMHoI6AMdZ+M8y2mZXhWVFpTfSMnYtMrn0+pa4kwyMZViciOmnC/G1WzyiS3y6/mCehsdx9LHSlot0NGDtQeNHap3vMcvWx4Z5+TBBixg1bXANlVAKh3QwS2svmNgbcpnDmt7wlIql0a3Zcu+bBh/KgPZ3b7EHtZnlWMIHVSr8vz3UQXMyG70EntYaVsx3dfRnJSzpkaTejGMYvOh+S3mKzWyg/XPB+hifyHlV98FnlDbpl1KK6uEX37e0M6p0IHwpikmswLumdLRIVn+bpAHFIC/ItMq/AErIRzRI5yYjugLAn2NtIQej4ofQfkCJNMeUy64iIky3N99/bb8cjFlGORQ++ElhvStEGxgekgu8zsgcyNhn837a/7riuCYyWAwf7MnSfpxt9n0knLo3XsvtEe4Aq1862CVjH8u/sMLQhLUeWa73GzJX4MtGFA=</Value>
				</Measurement>
			</Results>
		</Test>
		<EndDateTime>May 22 17:23 EDT</EndDateTime>
		<EndTestTime>1621718614</EndTestTime>
		<ElapsedMinutes>0</ElapsedMinutes>
	</Testing>
</Site>
