<?xml version="1.0" encoding="UTF-8"?>
<Site BuildName="Linux-clang++"
	BuildStamp="20210522-2119-Experimental"
	Name="samubv"
	Generator="ctest-3.16.3"
	CompilerName="/usr/bin/clang++"
	CompilerVersion="10.0.0"
	OSName="Linux"
	Hostname="samubv"
	OSRelease="5.8.0-53-generic"
	OSVersion="#60~20.04.1-Ubuntu SMP Thu May 6 09:52:46 UTC 2021"
	OSPlatform="x86_64"
	Is64Bits="1"
	VendorString="GenuineIntel"
	VendorID="Intel Corporation"
	FamilyID="6"
	ModelID="158"
	ProcessorCacheSize="12288"
	NumberOfLogicalCPU="5"
	NumberOfPhysicalCPU="5"
	TotalVirtualMemory="2047"
	TotalPhysicalMemory="11882"
	LogicalProcessorsPerPhysical="1"
	ProcessorClockFrequency="3696"
	>
	<Build>
		<StartDateTime>May 22 17:19 EDT</StartDateTime>
		<StartBuildTime>1621718348</StartBuildTime>
		<BuildCommand>/usr/bin/cmake --build . --config "Release"</BuildCommand>
		<Log Encoding="base64" Compression="bin/gzip"/>
		<EndDateTime>May 22 17:19 EDT</EndDateTime>
		<EndBuildTime>1621718348</EndBuildTime>
		<ElapsedMinutes>0</ElapsedMinutes>
	</Build>
</Site>
