<?xml version="1.0" encoding="UTF-8"?>
<Site BuildName="Linux-clang++"
	BuildStamp="20210522-2126-Experimental"
	Name="samubv"
	Generator="ctest-3.16.3"
	CompilerName="/usr/bin/clang++"
	CompilerVersion="10.0.0"
	OSName="Linux"
	Hostname="samubv"
	OSRelease="5.8.0-53-generic"
	OSVersion="#60~20.04.1-Ubuntu SMP Thu May 6 09:52:46 UTC 2021"
	OSPlatform="x86_64"
	Is64Bits="1"
	VendorString="GenuineIntel"
	VendorID="Intel Corporation"
	FamilyID="6"
	ModelID="158"
	ProcessorCacheSize="12288"
	NumberOfLogicalCPU="5"
	NumberOfPhysicalCPU="5"
	TotalVirtualMemory="2047"
	TotalPhysicalMemory="11882"
	LogicalProcessorsPerPhysical="1"
	ProcessorClockFrequency="3696"
	>
	<Testing>
		<StartDateTime>May 22 17:26 EDT</StartDateTime>
		<StartTestTime>1621718812</StartTestTime>
		<TestList>
			<Test>./UnitTests.BasicAssertions</Test>
			<Test>./GMetaTests.remove_first_T_from_pack_t</Test>
		</TestList>
		<Test Status="passed">
			<Name>UnitTests.BasicAssertions</Name>
			<Path>.</Path>
			<FullName>./UnitTests.BasicAssertions</FullName>
			<FullCommandLine>/home/sam/development/boidsECS/test/build/Release/bin/boidsECSTests "--gtest_filter=UnitTests.BasicAssertions" "--gtest_also_run_disabled_tests"</FullCommandLine>
			<Results>
				<NamedMeasurement type="numeric/double" name="Execution Time">
					<Value>0.00231658</Value>
				</NamedMeasurement>
				<NamedMeasurement type="numeric/double" name="Processors">
					<Value>1</Value>
				</NamedMeasurement>
				<NamedMeasurement type="text/string" name="Completion Status">
					<Value>Completed</Value>
				</NamedMeasurement>
				<NamedMeasurement type="text/string" name="Command Line">
					<Value>/home/sam/development/boidsECS/test/build/Release/bin/boidsECSTests "--gtest_filter=UnitTests.BasicAssertions" "--gtest_also_run_disabled_tests"</Value>
				</NamedMeasurement>
				<Measurement>
					<Value encoding="base64" compression="gzip">eJyNkE9rAjEQxe/7KeaoB5NdV6sWPFhaPBRs0XoSkdlksg1kk5Jk26/f/SPSFipOLiHzy5v3Zltbq20JFWo7GILyrgL+7iriASvOhLNoucSIvIwUIs9YlrKUn5pT1NpILhZKIeZFOs2LmaKJQpkrOV7IXIh5VkzGdzhPZ9M5D672gk6hLpQzkjwvnSsNdarBi17/1PpgQiQbF+ke1h0Cb00HlDaRPCxhb3VsXwJ7wKDFKgTyUTsbksPyUkfYnpNlELvvbbLzPdQ6EksOo0sdYW1cgabvk/3U3tmKbMNSHNUff+Cfmhc7yQG2+w10dbzmskfg5fkaBoMUqjC8YW5PQnQRzTC5LVUk9CPpvuzvnf23K/Bo2e85TYrX1W739NiG7VmWfAOJo7zl====</Value>
				</Measurement>
			</Results>
		</Test>
		<Test Status="failed">
			<Name>GMetaTests.remove_first_T_from_pack_t</Name>
			<Path>.</Path>
			<FullName>./GMetaTests.remove_first_T_from_pack_t</FullName>
			<FullCommandLine>/home/sam/development/boidsECS/test/build/Release/bin/boidsECSTests "--gtest_filter=GMetaTests.remove_first_T_from_pack_t" "--gtest_also_run_disabled_tests"</FullCommandLine>
			<Results>
				<NamedMeasurement type="text/string" name="Exit Code">
					<Value>Failed</Value>
				</NamedMeasurement>
				<NamedMeasurement type="text/string" name="Exit Value">
					<Value>1</Value>
				</NamedMeasurement>
				<NamedMeasurement type="numeric/double" name="Execution Time">
					<Value>0.00240548</Value>
				</NamedMeasurement>
				<NamedMeasurement type="numeric/double" name="Processors">
					<Value>1</Value>
				</NamedMeasurement>
				<NamedMeasurement type="text/string" name="Completion Status">
					<Value>Completed</Value>
				</NamedMeasurement>
				<NamedMeasurement type="text/string" name="Command Line">
					<Value>/home/sam/development/boidsECS/test/build/Release/bin/boidsECSTests "--gtest_filter=GMetaTests.remove_first_T_from_pack_t" "--gtest_also_run_disabled_tests"</Value>
				</NamedMeasurement>
				<Measurement>
					<Value encoding="base64" compression="gzip">eJydUdtqGzEQfddXzGMM9Wp9SeMs5CG0jim0odgufQhmmZVGtqhW2uritH+fvZikLhRMRy9iLmfOObNO1mq7hxq1vRqB8q4GfnA18YA1z4SzaLnEiHwfKUQ+ySZ5lvOyfVXSRnJxqxTirMqvZ9WNorlCOVNyeitnQiwm1Xz6Hhf5zfWCB5e8oDKkSjkjyfO9c3tDPWrwYsAvOx6ZEOzRRSpg1bfAtq2A0iaShztYfaGIXSpknmp3pFJp345uy4592aD4UUb2dPcaO1ifVE4g9lCdytM/JB0pY0/j19jByrgKzVAne9Te2Zps20txnJq/mv/EfKPGnmD97RH62F1I+c13SUcyrumW8sppGZYfNrx3KvYgommK6byAB9QmeWLLXw2JSBLoZ0Kj429wCuKBAsERTaJQMBhqrCP0/aDFAXQoQKEJ1OaiT9RShof7T5+XHy+mDFc51GF0iSFDK0QX0YzYZX5HQj+W7tmeX/NfVwSPNjvf00r6er/ZDJJyGNw7FzogvAOjQ+dg1Rr/XPyHF4y1UKeZ7XKzZS+AhRhL====</Value>
				</Measurement>
			</Results>
		</Test>
		<EndDateTime>May 22 17:26 EDT</EndDateTime>
		<EndTestTime>1621718812</EndTestTime>
		<ElapsedMinutes>0</ElapsedMinutes>
	</Testing>
</Site>
