<?xml version="1.0" encoding="UTF-8"?>
<Site BuildName="Linux-clang++"
	BuildStamp="20210522-2125-Experimental"
	Name="samubv"
	Generator="ctest-3.16.3"
	CompilerName="/usr/bin/clang++"
	CompilerVersion="10.0.0"
	OSName="Linux"
	Hostname="samubv"
	OSRelease="5.8.0-53-generic"
	OSVersion="#60~20.04.1-Ubuntu SMP Thu May 6 09:52:46 UTC 2021"
	OSPlatform="x86_64"
	Is64Bits="1"
	VendorString="GenuineIntel"
	VendorID="Intel Corporation"
	FamilyID="6"
	ModelID="158"
	ProcessorCacheSize="12288"
	NumberOfLogicalCPU="5"
	NumberOfPhysicalCPU="5"
	TotalVirtualMemory="2047"
	TotalPhysicalMemory="11882"
	LogicalProcessorsPerPhysical="1"
	ProcessorClockFrequency="3696"
	>
	<Configure>
		<StartDateTime>May 22 17:25 EDT</StartDateTime>
		<StartConfigureTime>1621718750</StartConfigureTime>
		<ConfigureCommand>"/usr/bin/cmake" "/home/sam/development/boidsECS/test"</ConfigureCommand>
		<Log>CMake Error at /usr/share/cmake-3.16/Modules/CTestUseLaunchers.cmake:32 (if):
  Maximum recursion depth of 1000 exceeded
Call Stack (most recent call first):
  /usr/share/cmake-3.16/Modules/CTest.cmake:61 (include)
  CTestConfig.cmake:6 (include)
  /usr/share/cmake-3.16/Modules/CTest.cmake:87 (include)
  CTestConfig.cmake:6 (include)
  /usr/share/cmake-3.16/Modules/CTest.cmake:87 (include)
  CTestConfig.cmake:6 (include)
  /usr/share/cmake-3.16/Modules/CTest.cmake:87 (include)
  CTestConfig.cmake:6 (include)
  /usr/share/cmake-3.16/Modules/CTest.cmake:87 (include)
  CTestConfig.cmake:6 (include)
  /usr/share/cmake-3.16/Modules/CTest.cmake:87 (include)
  CTestConfig.cmake:6 (include)
  /usr/share/cmake-3.16/Modules/CTest.cmake:87 (include)
  CTestConfig.cmake:6 (include)
  /usr/share/cmake-3.16/Modules/CTest.cmake:87 (include)
  CTestConfig.cmake:6 (include)
  /usr/share/cmake-3.16/Modules/CTest.cmake:87 (include)
  CTestConfig.cmake:6 (include)
  /usr/share/cmake-3.16/Modules/CTest.cmake:87 (include)
  CTestConfig.cmake:6 (include)
  /usr/share/cmake-3.16/Modules/CTest.cmake:87 (include)
  CTestConfig.cmake:6 (include)
  /usr/share/cmake-3.16/Modules/CTest.cmake:87 (include)
  CTestConfig.cmake:6 (include)
  /usr/share/cmake-3.16/Modules/CTest.cmake:87 (include)
  CTestConfig.cmake:6 (include)
  /usr/share/cmake-3.16/Modules/CTest.cmake:87 (include)
  CTestConfig.cmake:6 (include)
  /usr/share/cmake-3.16/Modules/CTest.cmake:87 (include)
  CTestConfig.cmake:6 (include)
  /usr/share/cmake-3.16/Modules/CTest.cmake:87 (include)
  CTestConfig.cmake:6 (include)
  /usr/share/cmake-3.16/Modules/CTest.cmake:87 (include)
  CTestConfig.cmake:6 (include)
  /usr/share/cmake-3.16/Modules/CTest.cmake:87 (include)
  CTestConfig.cmake:6 (include)
  /usr/share/cmake-3.16/Modules/CTest.cmake:87 (include)
  CTestConfig.cmake:6 (include)
  /usr/share/cmake-3.16/Modules/CTest.cmake:87 (include)
  CTestConfig.cmake:6 (include)
  /usr/share/cmake-3.16/Modules/CTest.cmake:87 (include)
  CTestConfig.cmake:6 (include)
  /usr/share/cmake-3.16/Modules/CTest.cmake:87 (include)
  CTestConfig.cmake:6 (include)
  /usr/share/cmake-3.16/Modules/CTest.cmake:87 (include)
  CTestConfig.cmake:6 (include)
  /usr/share/cmake-3.16/Modules/CTest.cmake:87 (include)
  CTestConfig.cmake:6 (include)
  /usr/share/cmake-3.16/Modules/CTest.cmake:87 (include)
  CTestConfig.cmake:6 (include)
  /usr/share/cmake-3.16/Modules/CTest.cmake:87 (include)
  CTestConfig.cmake:6 (include)
  /usr/share/cmake-3.16/Modules/CTest.cmake:87 (include)
  CTestConfig.cmake:6 (include)
  /usr/share/cmake-3.16/Modules/CTest.cmake:87 (include)
  CTestConfig.cmake:6 (include)
  /usr/share/cmake-3.16/Modules/CTest.cmake:87 (include)
  CTestConfig.cmake:6 (include)
  /usr/share/cmake-3.16/Modules/CTest.cmake:87 (include)
  CTestConfig.cmake:6 (include)
  /usr/share/cmake-3.16/Modules/CTest.cmake:87 (include)
  CTestConfig.cmake:6 (include)
  /usr/share/cmake-3.16/Modules/CTest.cmake:87 (include)
  CTestConfig.cmake:6 (include)
  /usr/share/cmake-3.16/Modules/CTest.cmake:87 (include)
  CTestConfig.cmake:6 (include)
  /usr/share/cmake-3.16/Modules/CTest.cmake:87 (include)
  CTestConfig.cmake:6 (include)
  /usr/share/cmake-3.16/Modules/CTest.cmake:87 (include)
  CTestConfig.cmake:6 (include)
  /usr/share/cmake-3.16/Modules/CTest.cmake:87 (include)
  CTestConfig.cmake:6 (include)
  /usr/share/cmake-3.16/Modules/CTest.cmake:87 (include)
  CTestConfig.cmake:6 (include)
  /usr/share/cmake-3.16/Modules/CTest.cmake:87 (include)
  CTestConfig.cmake:6 (include)
  /usr/share/cmake-3.16/Modules/CTest.cmake:87 (include)
  CTestConfig.cmake:6 (include)
  /usr/share/cmake-3.16/Modules/CTest.cmake:87 (include)
  CTestConfig.cmake:6 (include)
  /usr/share/cmake-3.16/Modules/CTest.cmake:87 (include)
  CTestConfig.cmake:6 (include)
  /usr/share/cmake-3.16/Modules/CTest.cmake:87 (include)
  CTestConfig.cmake:6 (include)
  /usr/share/cmake-3.16/Modules/CTest.cmake:87 (include)
  CTestConfig.cmake:6 (include)
  /usr/share/cmake-3.16/Modules/CTest.cmake:87 (include)
  CTestConfig.cmake:6 (include)
  /usr/share/cmake-3.16/Modules/CTest.cmake:87 (include)
  CTestConfig.cmake:6 (include)
  /usr/share/cmake-3.16/Modules/CTest.cmake:87 (include)
  CTestConfig.cmake:6 (include)
  /usr/share/cmake-3.16/Modules/CTest.cmake:87 (include)
  CTestConfig.cmake:6 (include)
  /usr/share/cmake-3.16/Modules/CTest.cmake:87 (include)
  CTestConfig.cmake:6 (include)
  /usr/share/cmake-3.16/Modules/CTest.cmake:87 (include)
  CTestConfig.cmake:6 (include)
  /usr/share/cmake-3.16/Modules/CTest.cmake:87 (include)
  CTestConfig.cmake:6 (include)
  /usr/share/cmake-3.16/Modules/CTest.cmake:87 (include)
  CTestConfig.cmake:6 (include)
  /usr/share/cmake-3.16/Modules/CTest.cmake:87 (include)
  CTestConfig.cmake:6 (include)
  /usr/share/cmake-3.16/Modules/CTest.cmake:87 (include)
  CTestConfig.cmake:6 (include)
  /usr/share/cmake-3.16/Modules/CTest.cmake:87 (include)
  CTestConfig.cmake:6 (include)
  /usr/share/cmake-3.16/Modules/CTest.cmake:87 (include)
  CTestConfig.cmake:6 (include)
  /usr/share/cmake-3.16/Modules/CTest.cmake:87 (include)
  CTestConfig.cmake:6 (include)
  /usr/share/cmake-3.16/Modules/CTest.cmake:87 (include)
  CTestConfig.cmake:6 (include)
  /usr/share/cmake-3.16/Modules/CTest.cmake:87 (include)
  CTestConfig.cmake:6 (include)
  /usr/share/cmake-3.16/Modules/CTest.cmake:87 (include)
  CTestConfig.cmake:6 (include)
  /usr/share/cmake-3.16/Modules/CTest.cmake:87 (include)
  CTestConfig.cmake:6 (include)
  /usr/share/cmake-3.16/Modules/CTest.cmake:87 (include)
  CTestConfig.cmake:6 (include)
  /usr/share/cmake-3.16/Modules/CTest.cmake:87 (include)
  CTestConfig.cmake:6 (include)
  /usr/share/cmake-3.16/Modules/CTest.cmake:87 (include)
  CTestConfig.cmake:6 (include)
  /usr/share/cmake-3.16/Modules/CTest.cmake:87 (include)
  CTestConfig.cmake:6 (include)
  /usr/share/cmake-3.16/Modules/CTest.cmake:87 (include)
  CTestConfig.cmake:6 (include)
  /usr/share/cmake-3.16/Modules/CTest.cmake:87 (include)
  CTestConfig.cmake:6 (include)
  /usr/share/cmake-3.16/Modules/CTest.cmake:87 (include)
  CTestConfig.cmake:6 (include)
  /usr/share/cmake-3.16/Modules/CTest.cmake:87 (include)
  CTestConfig.cmake:6 (include)
  /usr/share/cmake-3.16/Modules/CTest.cmake:87 (include)
  CTestConfig.cmake:6 (include)
  /usr/share/cmake-3.16/Modules/CTest.cmake:87 (include)
  CTestConfig.cmake:6 (include)
  /usr/share/cmake-3.16/Modules/CTest.cmake:87 (include)
  CTestConfig.cmake:6 (include)
  /usr/share/cmake-3.16/Modules/CTest.cmake:87 (include)
  CTestConfig.cmake:6 (include)
  /usr/share/cmake-3.16/Modules/CTest.cmake:87 (include)
  CTestConfig.cmake:6 (include)
  /usr/share/cmake-3.16/Modules/CTest.cmake:87 (include)
  CTestConfig.cmake:6 (include)
  /usr/share/cmake-3.16/Modules/CTest.cmake:87 (include)
  CTestConfig.cmake:6 (include)
  /usr/share/cmake-3.16/Modules/CTest.cmake:87 (include)
  CTestConfig.cmake:6 (include)
  /usr/share/cmake-3.16/Modules/CTest.cmake:87 (include)
  CTestConfig.cmake:6 (include)
  /usr/share/cmake-3.16/Modules/CTest.cmake:87 (include)
  CTestConfig.cmake:6 (include)
  /usr/share/cmake-3.16/Modules/CTest.cmake:87 (include)
  CTestConfig.cmake:6 (include)
  /usr/share/cmake-3.16/Modules/CTest.cmake:87 (include)
  CTestConfig.cmake:6 (include)
  /usr/share/cmake-3.16/Modules/CTest.cmake:87 (include)
  CTestConfig.cmake:6 (include)
  /usr/share/cmake-3.16/Modules/CTest.cmake:87 (include)
  CTestConfig.cmake:6 (include)
  /usr/share/cmake-3.16/Modules/CTest.cmake:87 (include)
  CTestConfig.cmake:6 (include)
  /usr/share/cmake-3.16/Modules/CTest.cmake:87 (include)
  CTestConfig.cmake:6 (include)
  /usr/share/cmake-3.16/Modules/CTest.cmake:87 (include)
  CTestConfig.cmake:6 (include)
  /usr/share/cmake-3.16/Modules/CTest.cmake:87 (include)
  CTestConfig.cmake:6 (include)
  /usr/share/cmake-3.16/Modules/CTest.cmake:87 (include)
  CTestConfig.cmake:6 (include)
  /usr/share/cmake-3.16/Modules/CTest.cmake:87 (include)
  CTestConfig.cmake:6 (include)
  /usr/share/cmake-3.16/Modules/CTest.cmake:87 (include)
  CTestConfig.cmake:6 (include)
  /usr/share/cmake-3.16/Modules/CTest.cmake:87 (include)
  CTestConfig.cmake:6 (include)
  /usr/share/cmake-3.16/Modules/CTest.cmake:87 (include)
  CTestConfig.cmake:6 (include)
  /usr/share/cmake-3.16/Modules/CTest.cmake:87 (include)
  CTestConfig.cmake:6 (include)
  /usr/share/cmake-3.16/Modules/CTest.cmake:87 (include)
  CTestConfig.cmake:6 (include)
  /usr/share/cmake-3.16/Modules/CTest.cmake:87 (include)
  CTestConfig.cmake:6 (include)
  /usr/share/cmake-3.16/Modules/CTest.cmake:87 (include)
  CTestConfig.cmake:6 (include)
  /usr/share/cmake-3.16/Modules/CTest.cmake:87 (include)
  CTestConfig.cmake:6 (include)
  /usr/share/cmake-3.16/Modules/CTest.cmake:87 (include)
  CTestConfig.cmake:6 (include)
  /usr/share/cmake-3.16/Modules/CTest.cmake:87 (include)
  CTestConfig.cmake:6 (include)
  /usr/share/cmake-3.16/Modules/CTest.cmake:87 (include)
  CTestConfig.cmake:6 (include)
  /usr/share/cmake-3.16/Modules/CTest.cmake:87 (include)
  CTestConfig.cmake:6 (include)
  /usr/share/cmake-3.16/Modules/CTest.cmake:87 (include)
  CTestConfig.cmake:6 (include)
  /usr/share/cmake-3.16/Modules/CTest.cmake:87 (include)
  CTestConfig.cmake:6 (include)
  /usr/share/cmake-3.16/Modules/CTest.cmake:87 (include)
  CTestConfig.cmake:6 (include)
  /usr/share/cmake-3.16/Modules/CTest.cmake:87 (include)
  CTestConfig.cmake:6 (include)
  /usr/share/cmake-3.16/Modules/CTest.cmake:87 (include)
  CTestConfig.cmake:6 (include)
  /usr/share/cmake-3.16/Modules/CTest.cmake:87 (include)
  CTestConfig.cmake:6 (include)
  /usr/share/cmake-3.16/Modules/CTest.cmake:87 (include)
  CTestConfig.cmake:6 (include)
  /usr/share/cmake-3.16/Modules/CTest.cmake:87 (include)
  CTestConfig.cmake:6 (include)
  /usr/share/cmake-3.16/Modules/CTest.cmake:87 (include)
  CTestConfig.cmake:6 (include)
  /usr/share/cmake-3.16/Modules/CTest.cmake:87 (include)
  CTestConfig.cmake:6 (include)
  /usr/share/cmake-3.16/Modules/CTest.cmake:87 (include)
  CTestConfig.cmake:6 (include)
  /usr/share/cmake-3.16/Modules/CTest.cmake:87 (include)
  CTestConfig.cmake:6 (include)
  /usr/share/cmake-3.16/Modules/CTest.cmake:87 (include)
  CTestConfig.cmake:6 (include)
  /usr/share/cmake-3.16/Modules/CTest.cmake:87 (include)
  CTestConfig.cmake:6 (include)
  /usr/share/cmake-3.16/Modules/CTest.cmake:87 (include)
  CTestConfig.cmake:6 (include)
  /usr/share/cmake-3.16/Modules/CTest.cmake:87 (include)
  CTestConfig.cmake:6 (include)
  /usr/share/cmake-3.16/Modules/CTest.cmake:87 (include)
  CTestConfig.cmake:6 (include)
  /usr/share/cmake-3.16/Modules/CTest.cmake:87 (include)
  CTestConfig.cmake:6 (include)
  /usr/share/cmake-3.16/Modules/CTest.cmake:87 (include)
  CTestConfig.cmake:6 (include)
  /usr/share/cmake-3.16/Modules/CTest.cmake:87 (include)
  CTestConfig.cmake:6 (include)
  /usr/share/cmake-3.16/Modules/CTest.cmake:87 (include)
  CTestConfig.cmake:6 (include)
  /usr/share/cmake-3.16/Modules/CTest.cmake:87 (include)
  CTestConfig.cmake:6 (include)
  /usr/share/cmake-3.16/Modules/CTest.cmake:87 (include)
  CTestConfig.cmake:6 (include)
  /usr/share/cmake-3.16/Modules/CTest.cmake:87 (include)
  CTestConfig.cmake:6 (include)
  /usr/share/cmake-3.16/Modules/CTest.cmake:87 (include)
  CTestConfig.cmake:6 (include)
  /usr/share/cmake-3.16/Modules/CTest.cmake:87 (include)
  CTestConfig.cmake:6 (include)
  /usr/share/cmake-3.16/Modules/CTest.cmake:87 (include)
  CTestConfig.cmake:6 (include)
  /usr/share/cmake-3.16/Modules/CTest.cmake:87 (include)
  CTestConfig.cmake:6 (include)
  /usr/share/cmake-3.16/Modules/CTest.cmake:87 (include)
  CTestConfig.cmake:6 (include)
  /usr/share/cmake-3.16/Modules/CTest.cmake:87 (include)
  CTestConfig.cmake:6 (include)
  /usr/share/cmake-3.16/Modules/CTest.cmake:87 (include)
  CTestConfig.cmake:6 (include)
  /usr/share/cmake-3.16/Modules/CTest.cmake:87 (include)
  CTestConfig.cmake:6 (include)
  /usr/share/cmake-3.16/Modules/CTest.cmake:87 (include)
  CTestConfig.cmake:6 (include)
  /usr/share/cmake-3.16/Modules/CTest.cmake:87 (include)
  CTestConfig.cmake:6 (include)
  /usr/share/cmake-3.16/Modules/CTest.cmake:87 (include)
  CTestConfig.cmake:6 (include)
  /usr/share/cmake-3.16/Modules/CTest.cmake:87 (include)
  CTestConfig.cmake:6 (include)
  /usr/share/cmake-3.16/Modules/CTest.cmake:87 (include)
  CTestConfig.cmake:6 (include)
  /usr/share/cmake-3.16/Modules/CTest.cmake:87 (include)
  CTestConfig.cmake:6 (include)
  /usr/share/cmake-3.16/Modules/CTest.cmake:87 (include)
  CTestConfig.cmake:6 (include)
  /usr/share/cmake-3.16/Modules/CTest.cmake:87 (include)
  CTestConfig.cmake:6 (include)
  /usr/share/cmake-3.16/Modules/CTest.cmake:87 (include)
  CTestConfig.cmake:6 (include)
  /usr/share/cmake-3.16/Modules/CTest.cmake:87 (include)
  CTestConfig.cmake:6 (include)
  /usr/share/cmake-3.16/Modules/CTest.cmake:87 (include)
  CTestConfig.cmake:6 (include)
  /usr/share/cmake-3.16/Modules/CTest.cmake:87 (include)
  CTestConfig.cmake:6 (include)
  /usr/share/cmake-3.16/Modules/CTest.cmake:87 (include)
  CTestConfig.cmake:6 (include)
  /usr/share/cmake-3.16/Modules/CTest.cmake:87 (include)
  CTestConfig.cmake:6 (include)
  /usr/share/cmake-3.16/Modules/CTest.cmake:87 (include)
  CTestConfig.cmake:6 (include)
  /usr/share/cmake-3.16/Modules/CTest.cmake:87 (include)
  CTestConfig.cmake:6 (include)
  /usr/share/cmake-3.16/Modules/CTest.cmake:87 (include)
  CTestConfig.cmake:6 (include)
  /usr/share/cmake-3.16/Modules/CTest.cmake:87 (include)
  CTestConfig.cmake:6 (include)
  /usr/share/cmake-3.16/Modules/CTest.cmake:87 (include)
  CTestConfig.cmake:6 (include)
  /usr/share/cmake-3.16/Modules/CTest.cmake:87 (include)
  CTestConfig.cmake:6 (include)
  /usr/share/cmake-3.16/Modules/CTest.cmake:87 (include)
  CTestConfig.cmake:6 (include)
  /usr/share/cmake-3.16/Modules/CTest.cmake:87 (include)
  CTestConfig.cmake:6 (include)
  /usr/share/cmake-3.16/Modules/CTest.cmake:87 (include)
  CTestConfig.cmake:6 (include)
  /usr/share/cmake-3.16/Modules/CTest.cmake:87 (include)
  CTestConfig.cmake:6 (include)
  /usr/share/cmake-3.16/Modules/CTest.cmake:87 (include)
  CTestConfig.cmake:6 (include)
  /usr/share/cmake-3.16/Modules/CTest.cmake:87 (include)
  CTestConfig.cmake:6 (include)
  /usr/share/cmake-3.16/Modules/CTest.cmake:87 (include)
  CTestConfig.cmake:6 (include)
  /usr/share/cmake-3.16/Modules/CTest.cmake:87 (include)
  CTestConfig.cmake:6 (include)
  /usr/share/cmake-3.16/Modules/CTest.cmake:87 (include)
  CTestConfig.cmake:6 (include)
  /usr/share/cmake-3.16/Modules/CTest.cmake:87 (include)
  CTestConfig.cmake:6 (include)
  /usr/share/cmake-3.16/Modules/CTest.cmake:87 (include)
  CTestConfig.cmake:6 (include)
  /usr/share/cmake-3.16/Modules/CTest.cmake:87 (include)
  CTestConfig.cmake:6 (include)
  /usr/share/cmake-3.16/Modules/CTest.cmake:87 (include)
  CTestConfig.cmake:6 (include)
  /usr/share/cmake-3.16/Modules/CTest.cmake:87 (include)
  CTestConfig.cmake:6 (include)
  /usr/share/cmake-3.16/Modules/CTest.cmake:87 (include)
  CTestConfig.cmake:6 (include)
  /usr/share/cmake-3.16/Modules/CTest.cmake:87 (include)
  CTestConfig.cmake:6 (include)
  /usr/share/cmake-3.16/Modules/CTest.cmake:87 (include)
  CTestConfig.cmake:6 (include)
  /usr/share/cmake-3.16/Modules/CTest.cmake:87 (include)
  CTestConfig.cmake:6 (include)
  /usr/share/cmake-3.16/Modules/CTest.cmake:87 (include)
  CTestConfig.cmake:6 (include)
  /usr/share/cmake-3.16/Modules/CTest.cmake:87 (include)
  CTestConfig.cmake:6 (include)
  /usr/share/cmake-3.16/Modules/CTest.cmake:87 (include)
  CTestConfig.cmake:6 (include)
  /usr/share/cmake-3.16/Modules/CTest.cmake:87 (include)
  CTestConfig.cmake:6 (include)
  /usr/share/cmake-3.16/Modules/CTest.cmake:87 (include)
  CTestConfig.cmake:6 (include)
  /usr/share/cmake-3.16/Modules/CTest.cmake:87 (include)
  CTestConfig.cmake:6 (include)
  /usr/share/cmake-3.16/Modules/CTest.cmake:87 (include)
  CTestConfig.cmake:6 (include)
  /usr/share/cmake-3.16/Modules/CTest.cmake:87 (include)
  CTestConfig.cmake:6 (include)
  /usr/share/cmake-3.16/Modules/CTest.cmake:87 (include)
  CTestConfig.cmake:6 (include)
  /usr/share/cmake-3.16/Modules/CTest.cmake:87 (include)
  CTestConfig.cmake:6 (include)
  /usr/share/cmake-3.16/Modules/CTest.cmake:87 (include)
  CTestConfig.cmake:6 (include)
  /usr/share/cmake-3.16/Modules/CTest.cmake:87 (include)
  CTestConfig.cmake:6 (include)
  /usr/share/cmake-3.16/Modules/CTest.cmake:87 (include)
  CTestConfig.cmake:6 (include)
  /usr/share/cmake-3.16/Modules/CTest.cmake:87 (include)
  CTestConfig.cmake:6 (include)
  /usr/share/cmake-3.16/Modules/CTest.cmake:87 (include)
  CTestConfig.cmake:6 (include)
  /usr/share/cmake-3.16/Modules/CTest.cmake:87 (include)
  CTestConfig.cmake:6 (include)
  /usr/share/cmake-3.16/Modules/CTest.cmake:87 (include)
  CTestConfig.cmake:6 (include)
  /usr/share/cmake-3.16/Modules/CTest.cmake:87 (include)
  CTestConfig.cmake:6 (include)
  /usr/share/cmake-3.16/Modules/CTest.cmake:87 (include)
  CTestConfig.cmake:6 (include)
  /usr/share/cmake-3.16/Modules/CTest.cmake:87 (include)
  CTestConfig.cmake:6 (include)
  /usr/share/cmake-3.16/Modules/CTest.cmake:87 (include)
  CTestConfig.cmake:6 (include)
  /usr/share/cmake-3.16/Modules/CTest.cmake:87 (include)
  CTestConfig.cmake:6 (include)
  /usr/share/cmake-3.16/Modules/CTest.cmake:87 (include)
  CTestConfig.cmake:6 (include)
  /usr/share/cmake-3.16/Modules/CTest.cmake:87 (include)
  CTestConfig.cmake:6 (include)
  /usr/share/cmake-3.16/Modules/CTest.cmake:87 (include)
  CTestConfig.cmake:6 (include)
  /usr/share/cmake-3.16/Modules/CTest.cmake:87 (include)
  CTestConfig.cmake:6 (include)
  /usr/share/cmake-3.16/Modules/CTest.cmake:87 (include)
  CTestConfig.cmake:6 (include)
  /usr/share/cmake-3.16/Modules/CTest.cmake:87 (include)
  CTestConfig.cmake:6 (include)
  /usr/share/cmake-3.16/Modules/CTest.cmake:87 (include)
  CTestConfig.cmake:6 (include)
  /usr/share/cmake-3.16/Modules/CTest.cmake:87 (include)
  CTestConfig.cmake:6 (include)
  /usr/share/cmake-3.16/Modules/CTest.cmake:87 (include)
  CTestConfig.cmake:6 (include)
  /usr/share/cmake-3.16/Modules/CTest.cmake:87 (include)
  CTestConfig.cmake:6 (include)
  /usr/share/cmake-3.16/Modules/CTest.cmake:87 (include)
  CTestConfig.cmake:6 (include)
  /usr/share/cmake-3.16/Modules/CTest.cmake:87 (include)
  CTestConfig.cmake:6 (include)
  /usr/share/cmake-3.16/Modules/CTest.cmake:87 (include)
  CTestConfig.cmake:6 (include)
  /usr/share/cmake-3.16/Modules/CTest.cmake:87 (include)
  CTestConfig.cmake:6 (include)
  /usr/share/cmake-3.16/Modules/CTest.cmake:87 (include)
  CTestConfig.cmake:6 (include)
  /usr/share/cmake-3.16/Modules/CTest.cmake:87 (include)
  CTestConfig.cmake:6 (include)
  /usr/share/cmake-3.16/Modules/CTest.cmake:87 (include)
  CTestConfig.cmake:6 (include)
  /usr/share/cmake-3.16/Modules/CTest.cmake:87 (include)
  CTestConfig.cmake:6 (include)
  /usr/share/cmake-3.16/Modules/CTest.cmake:87 (include)
  CTestConfig.cmake:6 (include)
  /usr/share/cmake-3.16/Modules/CTest.cmake:87 (include)
  CTestConfig.cmake:6 (include)
  /usr/share/cmake-3.16/Modules/CTest.cmake:87 (include)
  CTestConfig.cmake:6 (include)
  /usr/share/cmake-3.16/Modules/CTest.cmake:87 (include)
  CTestConfig.cmake:6 (include)
  /usr/share/cmake-3.16/Modules/CTest.cmake:87 (include)
  CTestConfig.cmake:6 (include)
  /usr/share/cmake-3.16/Modules/CTest.cmake:87 (include)
  CTestConfig.cmake:6 (include)
  /usr/share/cmake-3.16/Modules/CTest.cmake:87 (include)
  CTestConfig.cmake:6 (include)
  /usr/share/cmake-3.16/Modules/CTest.cmake:87 (include)
  CTestConfig.cmake:6 (include)
  /usr/share/cmake-3.16/Modules/CTest.cmake:87 (include)
  CTestConfig.cmake:6 (include)
  /usr/share/cmake-3.16/Modules/CTest.cmake:87 (include)
  CTestConfig.cmake:6 (include)
  /usr/share/cmake-3.16/Modules/CTest.cmake:87 (include)
  CTestConfig.cmake:6 (include)
  /usr/share/cmake-3.16/Modules/CTest.cmake:87 (include)
  CTestConfig.cmake:6 (include)
  /usr/share/cmake-3.16/Modules/CTest.cmake:87 (include)
  CTestConfig.cmake:6 (include)
  /usr/share/cmake-3.16/Modules/CTest.cmake:87 (include)
  CTestConfig.cmake:6 (include)
  /usr/share/cmake-3.16/Modules/CTest.cmake:87 (include)
  CTestConfig.cmake:6 (include)
  /usr/share/cmake-3.16/Modules/CTest.cmake:87 (include)
  CTestConfig.cmake:6 (include)
  /usr/share/cmake-3.16/Modules/CTest.cmake:87 (include)
  CTestConfig.cmake:6 (include)
  /usr/share/cmake-3.16/Modules/CTest.cmake:87 (include)
  CTestConfig.cmake:6 (include)
  /usr/share/cmake-3.16/Modules/CTest.cmake:87 (include)
  CTestConfig.cmake:6 (include)
  /usr/share/cmake-3.16/Modules/CTest.cmake:87 (include)
  CTestConfig.cmake:6 (include)
  /usr/share/cmake-3.16/Modules/CTest.cmake:87 (include)
  CTestConfig.cmake:6 (include)
  /usr/share/cmake-3.16/Modules/CTest.cmake:87 (include)
  CTestConfig.cmake:6 (include)
  /usr/share/cmake-3.16/Modules/CTest.cmake:87 (include)
  CTestConfig.cmake:6 (include)
  /usr/share/cmake-3.16/Modules/CTest.cmake:87 (include)
  CTestConfig.cmake:6 (include)
  /usr/share/cmake-3.16/Modules/CTest.cmake:87 (include)
  CTestConfig.cmake:6 (include)
  /usr/share/cmake-3.16/Modules/CTest.cmake:87 (include)
  CTestConfig.cmake:6 (include)
  /usr/share/cmake-3.16/Modules/CTest.cmake:87 (include)
  CTestConfig.cmake:6 (include)
  /usr/share/cmake-3.16/Modules/CTest.cmake:87 (include)
  CTestConfig.cmake:6 (include)
  /usr/share/cmake-3.16/Modules/CTest.cmake:87 (include)
  CTestConfig.cmake:6 (include)
  /usr/share/cmake-3.16/Modules/CTest.cmake:87 (include)
  CTestConfig.cmake:6 (include)
  /usr/share/cmake-3.16/Modules/CTest.cmake:87 (include)
  CTestConfig.cmake:6 (include)
  /usr/share/cmake-3.16/Modules/CTest.cmake:87 (include)
  CTestConfig.cmake:6 (include)
  /usr/share/cmake-3.16/Modules/CTest.cmake:87 (include)
  CTestConfig.cmake:6 (include)
  /usr/share/cmake-3.16/Modules/CTest.cmake:87 (include)
  CTestConfig.cmake:6 (include)
  /usr/share/cmake-3.16/Modules/CTest.cmake:87 (include)
  CTestConfig.cmake:6 (include)
  /usr/share/cmake-3.16/Modules/CTest.cmake:87 (include)
  CTestConfig.cmake:6 (include)
  /usr/share/cmake-3.16/Modules/CTest.cmake:87 (include)
  CTestConfig.cmake:6 (include)
  /usr/share/cmake-3.16/Modules/CTest.cmake:87 (include)
  CTestConfig.cmake:6 (include)
  /usr/share/cmake-3.16/Modules/CTest.cmake:87 (include)
  CTestConfig.cmake:6 (include)
  /usr/share/cmake-3.16/Modules/CTest.cmake:87 (include)
  CTestConfig.cmake:6 (include)
  /usr/share/cmake-3.16/Modules/CTest.cmake:87 (include)
  CTestConfig.cmake:6 (include)
  /usr/share/cmake-3.16/Modules/CTest.cmake:87 (include)
  CTestConfig.cmake:6 (include)
  /usr/share/cmake-3.16/Modules/CTest.cmake:87 (include)
  CTestConfig.cmake:6 (include)
  /usr/share/cmake-3.16/Modules/CTest.cmake:87 (include)
  CTestConfig.cmake:6 (include)
  /usr/share/cmake-3.16/Modules/CTest.cmake:87 (include)
  CTestConfig.cmake:6 (include)
  /usr/share/cmake-3.16/Modules/CTest.cmake:87 (include)
  CTestConfig.cmake:6 (include)
  /usr/share/cmake-3.16/Modules/CTest.cmake:87 (include)
  CTestConfig.cmake:6 (include)
  /usr/share/cmake-3.16/Modules/CTest.cmake:87 (include)
  CTestConfig.cmake:6 (include)
  /usr/share/cmake-3.16/Modules/CTest.cmake:87 (include)
  CTestConfig.cmake:6 (include)
  /usr/share/cmake-3.16/Modules/CTest.cmake:87 (include)
  CTestConfig.cmake:6 (include)
  /usr/share/cmake-3.16/Modules/CTest.cmake:87 (include)
  CTestConfig.cmake:6 (include)
  /usr/share/cmake-3.16/Modules/CTest.cmake:87 (include)
  CTestConfig.cmake:6 (include)
  /usr/share/cmake-3.16/Modules/CTest.cmake:87 (include)
  CTestConfig.cmake:6 (include)
  /usr/share/cmake-3.16/Modules/CTest.cmake:87 (include)
  CTestConfig.cmake:6 (include)
  /usr/share/cmake-3.16/Modules/CTest.cmake:87 (include)
  CTestConfig.cmake:6 (include)
  /usr/share/cmake-3.16/Modules/CTest.cmake:87 (include)
  CTestConfig.cmake:6 (include)
  /usr/share/cmake-3.16/Modules/CTest.cmake:87 (include)
  CTestConfig.cmake:6 (include)
  /usr/share/cmake-3.16/Modules/CTest.cmake:87 (include)
  CTestConfig.cmake:6 (include)
  /usr/share/cmake-3.16/Modules/CTest.cmake:87 (include)
  CTestConfig.cmake:6 (include)
  /usr/share/cmake-3.16/Modules/CTest.cmake:87 (include)
  CTestConfig.cmake:6 (include)
  /usr/share/cmake-3.16/Modules/CTest.cmake:87 (include)
  CTestConfig.cmake:6 (include)
  /usr/share/cmake-3.16/Modules/CTest.cmake:87 (include)
  CTestConfig.cmake:6 (include)
  /usr/share/cmake-3.16/Modules/CTest.cmake:87 (include)
  CTestConfig.cmake:6 (include)
  /usr/share/cmake-3.16/Modules/CTest.cmake:87 (include)
  CTestConfig.cmake:6 (include)
  /usr/share/cmake-3.16/Modules/CTest.cmake:87 (include)
  CTestConfig.cmake:6 (include)
  /usr/share/cmake-3.16/Modules/CTest.cmake:87 (include)
  CTestConfig.cmake:6 (include)
  /usr/share/cmake-3.16/Modules/CTest.cmake:87 (include)
  CTestConfig.cmake:6 (include)
  /usr/share/cmake-3.16/Modules/CTest.cmake:87 (include)
  CTestConfig.cmake:6 (include)
  /usr/share/cmake-3.16/Modules/CTest.cmake:87 (include)
  CTestConfig.cmake:6 (include)
  /usr/share/cmake-3.16/Modules/CTest.cmake:87 (include)
  CTestConfig.cmake:6 (include)
  /usr/share/cmake-3.16/Modules/CTest.cmake:87 (include)
  CTestConfig.cmake:6 (include)
  /usr/share/cmake-3.16/Modules/CTest.cmake:87 (include)
  CTestConfig.cmake:6 (include)
  /usr/share/cmake-3.16/Modules/CTest.cmake:87 (include)
  CTestConfig.cmake:6 (include)
  /usr/share/cmake-3.16/Modules/CTest.cmake:87 (include)
  CTestConfig.cmake:6 (include)
  /usr/share/cmake-3.16/Modules/CTest.cmake:87 (include)
  CTestConfig.cmake:6 (include)
  /usr/share/cmake-3.16/Modules/CTest.cmake:87 (include)
  CTestConfig.cmake:6 (include)
  /usr/share/cmake-3.16/Modules/CTest.cmake:87 (include)
  CTestConfig.cmake:6 (include)
  /usr/share/cmake-3.16/Modules/CTest.cmake:87 (include)
  CTestConfig.cmake:6 (include)
  /usr/share/cmake-3.16/Modules/CTest.cmake:87 (include)
  CTestConfig.cmake:6 (include)
  /usr/share/cmake-3.16/Modules/CTest.cmake:87 (include)
  CTestConfig.cmake:6 (include)
  /usr/share/cmake-3.16/Modules/CTest.cmake:87 (include)
  CTestConfig.cmake:6 (include)
  /usr/share/cmake-3.16/Modules/CTest.cmake:87 (include)
  CTestConfig.cmake:6 (include)
  /usr/share/cmake-3.16/Modules/CTest.cmake:87 (include)
  CTestConfig.cmake:6 (include)
  /usr/share/cmake-3.16/Modules/CTest.cmake:87 (include)
  CTestConfig.cmake:6 (include)
  /usr/share/cmake-3.16/Modules/CTest.cmake:87 (include)
  CTestConfig.cmake:6 (include)
  /usr/share/cmake-3.16/Modules/CTest.cmake:87 (include)
  CTestConfig.cmake:6 (include)
  /usr/share/cmake-3.16/Modules/CTest.cmake:87 (include)
  CTestConfig.cmake:6 (include)
  /usr/share/cmake-3.16/Modules/CTest.cmake:87 (include)
  CTestConfig.cmake:6 (include)
  /usr/share/cmake-3.16/Modules/CTest.cmake:87 (include)
  CTestConfig.cmake:6 (include)
  /usr/share/cmake-3.16/Modules/CTest.cmake:87 (include)
  CTestConfig.cmake:6 (include)
  /usr/share/cmake-3.16/Modules/CTest.cmake:87 (include)
  CTestConfig.cmake:6 (include)
  /usr/share/cmake-3.16/Modules/CTest.cmake:87 (include)
  CTestConfig.cmake:6 (include)
  /usr/share/cmake-3.16/Modules/CTest.cmake:87 (include)
  CTestConfig.cmake:6 (include)
  /usr/share/cmake-3.16/Modules/CTest.cmake:87 (include)
  CTestConfig.cmake:6 (include)
  /usr/share/cmake-3.16/Modules/CTest.cmake:87 (include)
  CTestConfig.cmake:6 (include)
  /usr/share/cmake-3.16/Modules/CTest.cmake:87 (include)
  CTestConfig.cmake:6 (include)
  /usr/share/cmake-3.16/Modules/CTest.cmake:87 (include)
  CTestConfig.cmake:6 (include)
  /usr/share/cmake-3.16/Modules/CTest.cmake:87 (include)
  CTestConfig.cmake:6 (include)
  /usr/share/cmake-3.16/Modules/CTest.cmake:87 (include)
  CTestConfig.cmake:6 (include)
  /usr/share/cmake-3.16/Modules/CTest.cmake:87 (include)
  CTestConfig.cmake:6 (include)
  /usr/share/cmake-3.16/Modules/CTest.cmake:87 (include)
  CTestConfig.cmake:6 (include)
  /usr/share/cmake-3.16/Modules/CTest.cmake:87 (include)
  CTestConfig.cmake:6 (include)
  /usr/share/cmake-3.16/Modules/CTest.cmake:87 (include)
  CTestConfig.cmake:6 (include)
  /usr/share/cmake-3.16/Modules/CTest.cmake:87 (include)
  CTestConfig.cmake:6 (include)
  /usr/share/cmake-3.16/Modules/CTest.cmake:87 (include)
  CTestConfig.cmake:6 (include)
  /usr/share/cmake-3.16/Modules/CTest.cmake:87 (include)
  CTestConfig.cmake:6 (include)
  /usr/share/cmake-3.16/Modules/CTest.cmake:87 (include)
  CTestConfig.cmake:6 (include)
  /usr/share/cmake-3.16/Modules/CTest.cmake:87 (include)
  CTestConfig.cmake:6 (include)
  /usr/share/cmake-3.16/Modules/CTest.cmake:87 (include)
  CTestConfig.cmake:6 (include)
  /usr/share/cmake-3.16/Modules/CTest.cmake:87 (include)
  CTestConfig.cmake:6 (include)
  /usr/share/cmake-3.16/Modules/CTest.cmake:87 (include)
  CTestConfig.cmake:6 (include)
  /usr/share/cmake-3.16/Modules/CTest.cmake:87 (include)
  CTestConfig.cmake:6 (include)
  /usr/share/cmake-3.16/Modules/CTest.cmake:87 (include)
  CTestConfig.cmake:6 (include)
  /usr/share/cmake-3.16/Modules/CTest.cmake:87 (include)
  CTestConfig.cmake:6 (include)
  /usr/share/cmake-3.16/Modules/CTest.cmake:87 (include)
  CTestConfig.cmake:6 (include)
  /usr/share/cmake-3.16/Modules/CTest.cmake:87 (include)
  CTestConfig.cmake:6 (include)
  /usr/share/cmake-3.16/Modules/CTest.cmake:87 (include)
  CTestConfig.cmake:6 (include)
  /usr/share/cmake-3.16/Modules/CTest.cmake:87 (include)
  CTestConfig.cmake:6 (include)
  /usr/share/cmake-3.16/Modules/CTest.cmake:87 (include)
  CTestConfig.cmake:6 (include)
  /usr/share/cmake-3.16/Modules/CTest.cmake:87 (include)
  CTestConfig.cmake:6 (include)
  /usr/share/cmake-3.16/Modules/CTest.cmake:87 (include)
  CTestConfig.cmake:6 (include)
  /usr/share/cmake-3.16/Modules/CTest.cmake:87 (include)
  CTestConfig.cmake:6 (include)
  /usr/share/cmake-3.16/Modules/CTest.cmake:87 (include)
  CTestConfig.cmake:6 (include)
  /usr/share/cmake-3.16/Modules/CTest.cmake:87 (include)
  CTestConfig.cmake:6 (include)
  /usr/share/cmake-3.16/Modules/CTest.cmake:87 (include)
  CTestConfig.cmake:6 (include)
  /usr/share/cmake-3.16/Modules/CTest.cmake:87 (include)
  CTestConfig.cmake:6 (include)
  /usr/share/cmake-3.16/Modules/CTest.cmake:87 (include)
  CTestConfig.cmake:6 (include)
  /usr/share/cmake-3.16/Modules/CTest.cmake:87 (include)
  CTestConfig.cmake:6 (include)
  /usr/share/cmake-3.16/Modules/CTest.cmake:87 (include)
  CTestConfig.cmake:6 (include)
  /usr/share/cmake-3.16/Modules/CTest.cmake:87 (include)
  CTestConfig.cmake:6 (include)
  /usr/share/cmake-3.16/Modules/CTest.cmake:87 (include)
  CTestConfig.cmake:6 (include)
  /usr/share/cmake-3.16/Modules/CTest.cmake:87 (include)
  CTestConfig.cmake:6 (include)
  /usr/share/cmake-3.16/Modules/CTest.cmake:87 (include)
  CTestConfig.cmake:6 (include)
  /usr/share/cmake-3.16/Modules/CTest.cmake:87 (include)
  CTestConfig.cmake:6 (include)
  /usr/share/cmake-3.16/Modules/CTest.cmake:87 (include)
  CTestConfig.cmake:6 (include)
  /usr/share/cmake-3.16/Modules/CTest.cmake:87 (include)
  CTestConfig.cmake:6 (include)
  /usr/share/cmake-3.16/Modules/CTest.cmake:87 (include)
  CTestConfig.cmake:6 (include)
  /usr/share/cmake-3.16/Modules/CTest.cmake:87 (include)
  CTestConfig.cmake:6 (include)
  /usr/share/cmake-3.16/Modules/CTest.cmake:87 (include)
  CTestConfig.cmake:6 (include)
  /usr/share/cmake-3.16/Modules/CTest.cmake:87 (include)
  CTestConfig.cmake:6 (include)
  /usr/share/cmake-3.16/Modules/CTest.cmake:87 (include)
  CTestConfig.cmake:6 (include)
  /usr/share/cmake-3.16/Modules/CTest.cmake:87 (include)
  CTestConfig.cmake:6 (include)
  /usr/share/cmake-3.16/Modules/CTest.cmake:87 (include)
  CTestConfig.cmake:6 (include)
  /usr/share/cmake-3.16/Modules/CTest.cmake:87 (include)
  CTestConfig.cmake:6 (include)
  /usr/share/cmake-3.16/Modules/CTest.cmake:87 (include)
  CTestConfig.cmake:6 (include)
  /usr/share/cmake-3.16/Modules/CTest.cmake:87 (include)
  CTestConfig.cmake:6 (include)
  /usr/share/cmake-3.16/Modules/CTest.cmake:87 (include)
  CTestConfig.cmake:6 (include)
  /usr/share/cmake-3.16/Modules/CTest.cmake:87 (include)
  CTestConfig.cmake:6 (include)
  /usr/share/cmake-3.16/Modules/CTest.cmake:87 (include)
  CTestConfig.cmake:6 (include)
  /usr/share/cmake-3.16/Modules/CTest.cmake:87 (include)
  CTestConfig.cmake:6 (include)
  /usr/share/cmake-3.16/Modules/CTest.cmake:87 (include)
  CTestConfig.cmake:6 (include)
  /usr/share/cmake-3.16/Modules/CTest.cmake:87 (include)
  CTestConfig.cmake:6 (include)
  /usr/share/cmake-3.16/Modules/CTest.cmake:87 (include)
  CTestConfig.cmake:6 (include)
  /usr/share/cmake-3.16/Modules/CTest.cmake:87 (include)
  CTestConfig.cmake:6 (include)
  /usr/share/cmake-3.16/Modules/CTest.cmake:87 (include)
  CTestConfig.cmake:6 (include)
  /usr/share/cmake-3.16/Modules/CTest.cmake:87 (include)
  CTestConfig.cmake:6 (include)
  /usr/share/cmake-3.16/Modules/CTest.cmake:87 (include)
  CTestConfig.cmake:6 (include)
  /usr/share/cmake-3.16/Modules/CTest.cmake:87 (include)
  CTestConfig.cmake:6 (include)
  /usr/share/cmake-3.16/Modules/CTest.cmake:87 (include)
  CTestConfig.cmake:6 (include)
  /usr/share/cmake-3.16/Modules/CTest.cmake:87 (include)
  CTestConfig.cmake:6 (include)
  /usr/share/cmake-3.16/Modules/CTest.cmake:87 (include)
  CTestConfig.cmake:6 (include)
  /usr/share/cmake-3.16/Modules/CTest.cmake:87 (include)
  CTestConfig.cmake:6 (include)
  /usr/share/cmake-3.16/Modules/CTest.cmake:87 (include)
  CTestConfig.cmake:6 (include)
  /usr/share/cmake-3.16/Modules/CTest.cmake:87 (include)
  CTestConfig.cmake:6 (include)
  /usr/share/cmake-3.16/Modules/CTest.cmake:87 (include)
  CTestConfig.cmake:6 (include)
  /usr/share/cmake-3.16/Modules/CTest.cmake:87 (include)
  CTestConfig.cmake:6 (include)
  /usr/share/cmake-3.16/Modules/CTest.cmake:87 (include)
  CTestConfig.cmake:6 (include)
  /usr/share/cmake-3.16/Modules/CTest.cmake:87 (include)
  CTestConfig.cmake:6 (include)
  /usr/share/cmake-3.16/Modules/CTest.cmake:87 (include)
  CTestConfig.cmake:6 (include)
  /usr/share/cmake-3.16/Modules/CTest.cmake:87 (include)
  CTestConfig.cmake:6 (include)
  /usr/share/cmake-3.16/Modules/CTest.cmake:87 (include)
  CTestConfig.cmake:6 (include)
  /usr/share/cmake-3.16/Modules/CTest.cmake:87 (include)
  CTestConfig.cmake:6 (include)
  /usr/share/cmake-3.16/Modules/CTest.cmake:87 (include)
  CTestConfig.cmake:6 (include)
  /usr/share/cmake-3.16/Modules/CTest.cmake:87 (include)
  CTestConfig.cmake:6 (include)
  /usr/share/cmake-3.16/Modules/CTest.cmake:87 (include)
  CTestConfig.cmake:6 (include)
  /usr/share/cmake-3.16/Modules/CTest.cmake:87 (include)
  CTestConfig.cmake:6 (include)
  /usr/share/cmake-3.16/Modules/CTest.cmake:87 (include)
  CTestConfig.cmake:6 (include)
  /usr/share/cmake-3.16/Modules/CTest.cmake:87 (include)
  CTestConfig.cmake:6 (include)
  /usr/share/cmake-3.16/Modules/CTest.cmake:87 (include)
  CTestConfig.cmake:6 (include)
  /usr/share/cmake-3.16/Modules/CTest.cmake:87 (include)
  CTestConfig.cmake:6 (include)
  /usr/share/cmake-3.16/Modules/CTest.cmake:87 (include)
  CTestConfig.cmake:6 (include)
  /usr/share/cmake-3.16/Modules/CTest.cmake:87 (include)
  CTestConfig.cmake:6 (include)
  /usr/share/cmake-3.16/Modules/CTest.cmake:87 (include)
  CTestConfig.cmake:6 (include)
  /usr/share/cmake-3.16/Modules/CTest.cmake:87 (include)
  CTestConfig.cmake:6 (include)
  /usr/share/cmake-3.16/Modules/CTest.cmake:87 (include)
  CTestConfig.cmake:6 (include)
  /usr/share/cmake-3.16/Modules/CTest.cmake:87 (include)
  CTestConfig.cmake:6 (include)
  /usr/share/cmake-3.16/Modules/CTest.cmake:87 (include)
  CTestConfig.cmake:6 (include)
  /usr/share/cmake-3.16/Modules/CTest.cmake:87 (include)
  CTestConfig.cmake:6 (include)
  /usr/share/cmake-3.16/Modules/CTest.cmake:87 (include)
  CTestConfig.cmake:6 (include)
  /usr/share/cmake-3.16/Modules/CTest.cmake:87 (include)
  CTestConfig.cmake:6 (include)
  /usr/share/cmake-3.16/Modules/CTest.cmake:87 (include)
  CTestConfig.cmake:6 (include)
  /usr/share/cmake-3.16/Modules/CTest.cmake:87 (include)
  CTestConfig.cmake:6 (include)
  /usr/share/cmake-3.16/Modules/CTest.cmake:87 (include)
  CTestConfig.cmake:6 (include)
  /usr/share/cmake-3.16/Modules/CTest.cmake:87 (include)
  CTestConfig.cmake:6 (include)
  /usr/share/cmake-3.16/Modules/CTest.cmake:87 (include)
  CTestConfig.cmake:6 (include)
  /usr/share/cmake-3.16/Modules/CTest.cmake:87 (include)
  CTestConfig.cmake:6 (include)
  /usr/share/cmake-3.16/Modules/CTest.cmake:87 (include)
  CTestConfig.cmake:6 (include)
  /usr/share/cmake-3.16/Modules/CTest.cmake:87 (include)
  CTestConfig.cmake:6 (include)
  /usr/share/cmake-3.16/Modules/CTest.cmake:87 (include)
  CTestConfig.cmake:6 (include)
  /usr/share/cmake-3.16/Modules/CTest.cmake:87 (include)
  CTestConfig.cmake:6 (include)
  /usr/share/cmake-3.16/Modules/CTest.cmake:87 (include)
  CTestConfig.cmake:6 (include)
  /usr/share/cmake-3.16/Modules/CTest.cmake:87 (include)
  CTestConfig.cmake:6 (include)
  /usr/share/cmake-3.16/Modules/CTest.cmake:87 (include)
  CTestConfig.cmake:6 (include)
  /usr/share/cmake-3.16/Modules/CTest.cmake:87 (include)
  CTestConfig.cmake:6 (include)
  /usr/share/cmake-3.16/Modules/CTest.cmake:87 (include)
  CTestConfig.cmake:6 (include)
  /usr/share/cmake-3.16/Modules/CTest.cmake:87 (include)
  CTestConfig.cmake:6 (include)
  /usr/share/cmake-3.16/Modules/CTest.cmake:87 (include)
  CTestConfig.cmake:6 (include)
  /usr/share/cmake-3.16/Modules/CTest.cmake:87 (include)
  CTestConfig.cmake:6 (include)
  /usr/share/cmake-3.16/Modules/CTest.cmake:87 (include)
  CTestConfig.cmake:6 (include)
  /usr/share/cmake-3.16/Modules/CTest.cmake:87 (include)
  CTestConfig.cmake:6 (include)
  /usr/share/cmake-3.16/Modules/CTest.cmake:87 (include)
  CTestConfig.cmake:6 (include)
  /usr/share/cmake-3.16/Modules/CTest.cmake:87 (include)
  CTestConfig.cmake:6 (include)
  /usr/share/cmake-3.16/Modules/CTest.cmake:87 (include)
  CTestConfig.cmake:6 (include)
  /usr/share/cmake-3.16/Modules/CTest.cmake:87 (include)
  CTestConfig.cmake:6 (include)
  /usr/share/cmake-3.16/Modules/CTest.cmake:87 (include)
  CTestConfig.cmake:6 (include)
  /usr/share/cmake-3.16/Modules/CTest.cmake:87 (include)
  CTestConfig.cmake:6 (include)
  /usr/share/cmake-3.16/Modules/CTest.cmake:87 (include)
  CTestConfig.cmake:6 (include)
  /usr/share/cmake-3.16/Modules/CTest.cmake:87 (include)
  CTestConfig.cmake:6 (include)
  /usr/share/cmake-3.16/Modules/CTest.cmake:87 (include)
  CTestConfig.cmake:6 (include)
  /usr/share/cmake-3.16/Modules/CTest.cmake:87 (include)
  CTestConfig.cmake:6 (include)
  /usr/share/cmake-3.16/Modules/CTest.cmake:87 (include)
  CTestConfig.cmake:6 (include)
  /usr/share/cmake-3.16/Modules/CTest.cmake:87 (include)
  CTestConfig.cmake:6 (include)
  /usr/share/cmake-3.16/Modules/CTest.cmake:87 (include)
  CTestConfig.cmake:6 (include)
  /usr/share/cmake-3.16/Modules/CTest.cmake:87 (include)
  CTestConfig.cmake:6 (include)
  /usr/share/cmake-3.16/Modules/CTest.cmake:87 (include)
  CTestConfig.cmake:6 (include)
  /usr/share/cmake-3.16/Modules/CTest.cmake:87 (include)
  CTestConfig.cmake:6 (include)
  /usr/share/cmake-3.16/Modules/CTest.cmake:87 (include)
  CTestConfig.cmake:6 (include)
  /usr/share/cmake-3.16/Modules/CTest.cmake:87 (include)
  CTestConfig.cmake:6 (include)
  /usr/share/cmake-3.16/Modules/CTest.cmake:87 (include)
  CTestConfig.cmake:6 (include)
  /usr/share/cmake-3.16/Modules/CTest.cmake:87 (include)
  CTestConfig.cmake:6 (include)
  /usr/share/cmake-3.16/Modules/CTest.cmake:87 (include)
  CTestConfig.cmake:6 (include)
  /usr/share/cmake-3.16/Modules/CTest.cmake:87 (include)
  CTestConfig.cmake:6 (include)
  /usr/share/cmake-3.16/Modules/CTest.cmake:87 (include)
  CTestConfig.cmake:6 (include)
  /usr/share/cmake-3.16/Modules/CTest.cmake:87 (include)
  CTestConfig.cmake:6 (include)
  /usr/share/cmake-3.16/Modules/CTest.cmake:87 (include)
  CTestConfig.cmake:6 (include)
  /usr/share/cmake-3.16/Modules/CTest.cmake:87 (include)
  CTestConfig.cmake:6 (include)
  /usr/share/cmake-3.16/Modules/CTest.cmake:87 (include)
  CTestConfig.cmake:6 (include)
  /usr/share/cmake-3.16/Modules/CTest.cmake:87 (include)
  CTestConfig.cmake:6 (include)
  /usr/share/cmake-3.16/Modules/CTest.cmake:87 (include)
  CTestConfig.cmake:6 (include)
  /usr/share/cmake-3.16/Modules/CTest.cmake:87 (include)
  CTestConfig.cmake:6 (include)
  /usr/share/cmake-3.16/Modules/CTest.cmake:87 (include)
  CTestConfig.cmake:6 (include)
  /usr/share/cmake-3.16/Modules/CTest.cmake:87 (include)
  CTestConfig.cmake:6 (include)
  /usr/share/cmake-3.16/Modules/CTest.cmake:87 (include)
  CTestConfig.cmake:6 (include)
  /usr/share/cmake-3.16/Modules/CTest.cmake:87 (include)
  CTestConfig.cmake:6 (include)
  /usr/share/cmake-3.16/Modules/CTest.cmake:87 (include)
  CTestConfig.cmake:6 (include)
  /usr/share/cmake-3.16/Modules/CTest.cmake:87 (include)
  CTestConfig.cmake:6 (include)
  /usr/share/cmake-3.16/Modules/CTest.cmake:87 (include)
  CTestConfig.cmake:6 (include)
  /usr/share/cmake-3.16/Modules/CTest.cmake:87 (include)
  CTestConfig.cmake:6 (include)
  /usr/share/cmake-3.16/Modules/CTest.cmake:87 (include)
  CTestConfig.cmake:6 (include)
  /usr/share/cmake-3.16/Modules/CTest.cmake:87 (include)
  CTestConfig.cmake:6 (include)
  /usr/share/cmake-3.16/Modules/CTest.cmake:87 (include)
  CTestConfig.cmake:6 (include)
  /usr/share/cmake-3.16/Modules/CTest.cmake:87 (include)
  CTestConfig.cmake:6 (include)
  /usr/share/cmake-3.16/Modules/CTest.cmake:87 (include)
  CTestConfig.cmake:6 (include)
  /usr/share/cmake-3.16/Modules/CTest.cmake:87 (include)
  CTestConfig.cmake:6 (include)
  /usr/share/cmake-3.16/Modules/CTest.cmake:87 (include)
  CTestConfig.cmake:6 (include)
  /usr/share/cmake-3.16/Modules/CTest.cmake:87 (include)
  CTestConfig.cmake:6 (include)
  /usr/share/cmake-3.16/Modules/CTest.cmake:87 (include)
  CTestConfig.cmake:6 (include)
  /usr/share/cmake-3.16/Modules/CTest.cmake:87 (include)
  CTestConfig.cmake:6 (include)
  /usr/share/cmake-3.16/Modules/CTest.cmake:87 (include)
  CTestConfig.cmake:6 (include)
  /usr/share/cmake-3.16/Modules/CTest.cmake:87 (include)
  CTestConfig.cmake:6 (include)
  /usr/share/cmake-3.16/Modules/CTest.cmake:87 (include)
  CTestConfig.cmake:6 (include)
  /usr/share/cmake-3.16/Modules/CTest.cmake:87 (include)
  CTestConfig.cmake:6 (include)
  /usr/share/cmake-3.16/Modules/CTest.cmake:87 (include)
  CTestConfig.cmake:6 (include)
  /usr/share/cmake-3.16/Modules/CTest.cmake:87 (include)
  CTestConfig.cmake:6 (include)
  /usr/share/cmake-3.16/Modules/CTest.cmake:87 (include)
  CTestConfig.cmake:6 (include)
  /usr/share/cmake-3.16/Modules/CTest.cmake:87 (include)
  CTestConfig.cmake:6 (include)
  /usr/share/cmake-3.16/Modules/CTest.cmake:87 (include)
  CTestConfig.cmake:6 (include)
  /usr/share/cmake-3.16/Modules/CTest.cmake:87 (include)
  CTestConfig.cmake:6 (include)
  /usr/share/cmake-3.16/Modules/CTest.cmake:87 (include)
  CTestConfig.cmake:6 (include)
  /usr/share/cmake-3.16/Modules/CTest.cmake:87 (include)
  CTestConfig.cmake:6 (include)
  /usr/share/cmake-3.16/Modules/CTest.cmake:87 (include)
  CTestConfig.cmake:6 (include)
  /usr/share/cmake-3.16/Modules/CTest.cmake:87 (include)
  CTestConfig.cmake:6 (include)
  /usr/share/cmake-3.16/Modules/CTest.cmake:87 (include)
  CTestConfig.cmake:6 (include)
  /usr/share/cmake-3.16/Modules/CTest.cmake:87 (include)
  CTestConfig.cmake:6 (include)
  /usr/share/cmake-3.16/Modules/CTest.cmake:87 (include)
  CTestConfig.cmake:6 (include)
  /usr/share/cmake-3.16/Modules/CTest.cmake:87 (include)
  CTestConfig.cmake:6 (include)
  /usr/share/cmake-3.16/Modules/CTest.cmake:87 (include)
  CTestConfig.cmake:6 (include)
  /usr/share/cmake-3.16/Modules/CTest.cmake:87 (include)
  CTestConfig.cmake:6 (include)
  /usr/share/cmake-3.16/Modules/CTest.cmake:87 (include)
  CTestConfig.cmake:6 (include)
  /usr/share/cmake-3.16/Modules/CTest.cmake:87 (include)
  CTestConfig.cmake:6 (include)
  /usr/share/cmake-3.16/Modules/CTest.cmake:87 (include)
  CTestConfig.cmake:6 (include)
  /usr/share/cmake-3.16/Modules/CTest.cmake:87 (include)
  CTestConfig.cmake:6 (include)
  /usr/share/cmake-3.16/Modules/CTest.cmake:87 (include)
  CTestConfig.cmake:6 (include)
  /usr/share/cmake-3.16/Modules/CTest.cmake:87 (include)
  CTestConfig.cmake:6 (include)
  /usr/share/cmake-3.16/Modules/CTest.cmake:87 (include)
  CTestConfig.cmake:6 (include)
  /usr/share/cmake-3.16/Modules/CTest.cmake:87 (include)
  CTestConfig.cmake:6 (include)
  /usr/share/cmake-3.16/Modules/CTest.cmake:87 (include)
  CTestConfig.cmake:6 (include)
  /usr/share/cmake-3.16/Modules/CTest.cmake:87 (include)
  CTestConfig.cmake:6 (include)
  /usr/share/cmake-3.16/Modules/CTest.cmake:87 (include)
  CTestConfig.cmake:6 (include)
  /usr/share/cmake-3.16/Modules/CTest.cmake:87 (include)
  CMakeLists.txt:11 (include)


-- Configuring incomplete, errors occurred!
See also "/home/sam/development/boidsECS/test/build/Release/CMakeFiles/CMakeOutput.log".
</Log>
		<ConfigureStatus>1</ConfigureStatus>
		<EndDateTime>May 22 17:25 EDT</EndDateTime>
		<EndConfigureTime>1621718750</EndConfigureTime>
		<ElapsedMinutes>0</ElapsedMinutes>
	</Configure>
</Site>
